C:\USERS\BLAKE\DOCUMENTS\VISUAL STUDIO 2012\PROJECTS\GAMEENGINE\GAMEENGINE\DEBUG\GAMEENGINE.PCH
C:\USERS\BLAKE\DOCUMENTS\VISUAL STUDIO 2012\PROJECTS\GAMEENGINE\GAMEENGINE\DEBUG\STDAFX.OBJ
C:\USERS\BLAKE\DOCUMENTS\VISUAL STUDIO 2012\PROJECTS\GAMEENGINE\GAMEENGINE\DEBUG\VC110.PDB
C:\USERS\BLAKE\DOCUMENTS\VISUAL STUDIO 2012\PROJECTS\GAMEENGINE\GAMEENGINE\DEBUG\CAMERACLASS.OBJ
C:\USERS\BLAKE\DOCUMENTS\VISUAL STUDIO 2012\PROJECTS\GAMEENGINE\GAMEENGINE\DEBUG\CPUCLASS.OBJ
C:\USERS\BLAKE\DOCUMENTS\VISUAL STUDIO 2012\PROJECTS\GAMEENGINE\GAMEENGINE\DEBUG\CYBERBOT.OBJ
C:\USERS\BLAKE\DOCUMENTS\VISUAL STUDIO 2012\PROJECTS\GAMEENGINE\GAMEENGINE\DEBUG\D3DCLASS.OBJ
C:\USERS\BLAKE\DOCUMENTS\VISUAL STUDIO 2012\PROJECTS\GAMEENGINE\GAMEENGINE\DEBUG\ENTITY.OBJ
C:\USERS\BLAKE\DOCUMENTS\VISUAL STUDIO 2012\PROJECTS\GAMEENGINE\GAMEENGINE\DEBUG\ENTITYMANAGER.OBJ
C:\USERS\BLAKE\DOCUMENTS\VISUAL STUDIO 2012\PROJECTS\GAMEENGINE\GAMEENGINE\DEBUG\FONTCLASS.OBJ
C:\USERS\BLAKE\DOCUMENTS\VISUAL STUDIO 2012\PROJECTS\GAMEENGINE\GAMEENGINE\DEBUG\FONTSHADERCLASS.OBJ
C:\USERS\BLAKE\DOCUMENTS\VISUAL STUDIO 2012\PROJECTS\GAMEENGINE\GAMEENGINE\DEBUG\FPSCLASS.OBJ
C:\USERS\BLAKE\DOCUMENTS\VISUAL STUDIO 2012\PROJECTS\GAMEENGINE\GAMEENGINE\DEBUG\GAMEENGINE.OBJ
C:\USERS\BLAKE\DOCUMENTS\VISUAL STUDIO 2012\PROJECTS\GAMEENGINE\GAMEENGINE\DEBUG\GRAPHICS.OBJ
C:\USERS\BLAKE\DOCUMENTS\VISUAL STUDIO 2012\PROJECTS\GAMEENGINE\GAMEENGINE\DEBUG\INPUTMANAGER.OBJ
C:\USERS\BLAKE\DOCUMENTS\VISUAL STUDIO 2012\PROJECTS\GAMEENGINE\GAMEENGINE\DEBUG\PARTICLESHADERCLASS.OBJ
C:\USERS\BLAKE\DOCUMENTS\VISUAL STUDIO 2012\PROJECTS\GAMEENGINE\GAMEENGINE\DEBUG\PARTICLESYSTEMCLASS.OBJ
C:\USERS\BLAKE\DOCUMENTS\VISUAL STUDIO 2012\PROJECTS\GAMEENGINE\GAMEENGINE\DEBUG\TEXTCLASS.OBJ
C:\USERS\BLAKE\DOCUMENTS\VISUAL STUDIO 2012\PROJECTS\GAMEENGINE\GAMEENGINE\DEBUG\TEXTURECLASS.OBJ
C:\USERS\BLAKE\DOCUMENTS\VISUAL STUDIO 2012\PROJECTS\GAMEENGINE\GAMEENGINE\DEBUG\TEXTURESHADERCLASS.OBJ
C:\USERS\BLAKE\DOCUMENTS\VISUAL STUDIO 2012\PROJECTS\GAMEENGINE\GAMEENGINE\DEBUG\TIMERCLASS.OBJ
C:\USERS\BLAKE\DOCUMENTS\VISUAL STUDIO 2012\PROJECTS\GAMEENGINE\GAMEENGINE\DEBUG\WEAPON.OBJ
C:\USERS\BLAKE\DOCUMENTS\VISUAL STUDIO 2012\PROJECTS\GAMEENGINE\GAMEENGINE\DEBUG\WINMAIN.OBJ
C:\USERS\BLAKE\DOCUMENTS\VISUAL STUDIO 2012\PROJECTS\GAMEENGINE\GAMEENGINE\DEBUG\BEAMWEAPON.OBJ
C:\USERS\BLAKE\DOCUMENTS\VISUAL STUDIO 2012\PROJECTS\GAMEENGINE\GAMEENGINE\DEBUG\BITMAPCLASS.OBJ
C:\USERS\BLAKE\DOCUMENTS\VISUAL STUDIO 2012\PROJECTS\GAMEENGINE\GAMEENGINE\DEBUG\BULLET.OBJ
C:\USERS\BLAKE\DOCUMENTS\VISUAL STUDIO 2012\PROJECTS\GAMEENGINE\GAMEENGINE\DEBUG\BULLETWEAPON.OBJ
C:\USERS\BLAKE\DOCUMENTS\VISUAL STUDIO 2012\PROJECTS\GAMEENGINE\GAMEENGINE\DEBUG\PARTICLEEXPLOSION.OBJ
C:\USERS\BLAKE\DOCUMENTS\VISUAL STUDIO 2012\PROJECTS\GAMEENGINE\DEBUG\GAMEENGINE.ILK
C:\USERS\BLAKE\DOCUMENTS\VISUAL STUDIO 2012\PROJECTS\GAMEENGINE\DEBUG\GAMEENGINE.EXE
C:\USERS\BLAKE\DOCUMENTS\VISUAL STUDIO 2012\PROJECTS\GAMEENGINE\DEBUG\GAMEENGINE.PDB
C:\USERS\BLAKE\DOCUMENTS\VISUAL STUDIO 2012\PROJECTS\GAMEENGINE\GAMEENGINE\DEBUG\GAMEENGINE.RES
C:\Users\Blake\documents\visual studio 2012\Projects\GameEngine\GameEngine\Debug\BeamWeapon.obj
C:\Users\Blake\documents\visual studio 2012\Projects\GameEngine\GameEngine\Debug\BitmapClass.obj
C:\Users\Blake\documents\visual studio 2012\Projects\GameEngine\GameEngine\Debug\Bullet.obj
C:\Users\Blake\documents\visual studio 2012\Projects\GameEngine\GameEngine\Debug\BulletWeapon.obj
C:\Users\Blake\documents\visual studio 2012\Projects\GameEngine\GameEngine\Debug\CameraClass.obj
C:\Users\Blake\documents\visual studio 2012\Projects\GameEngine\GameEngine\Debug\CpuClass.obj
C:\Users\Blake\documents\visual studio 2012\Projects\GameEngine\GameEngine\Debug\Cyberbot.obj
C:\Users\Blake\documents\visual studio 2012\Projects\GameEngine\GameEngine\Debug\d3dclass.obj
C:\Users\Blake\documents\visual studio 2012\Projects\GameEngine\GameEngine\Debug\Entity.obj
C:\Users\Blake\documents\visual studio 2012\Projects\GameEngine\GameEngine\Debug\EntityManager.obj
C:\Users\Blake\documents\visual studio 2012\Projects\GameEngine\GameEngine\Debug\FontClass.obj
C:\Users\Blake\documents\visual studio 2012\Projects\GameEngine\GameEngine\Debug\FontShaderClass.obj
C:\Users\Blake\documents\visual studio 2012\Projects\GameEngine\GameEngine\Debug\FpsClass.obj
C:\Users\Blake\documents\visual studio 2012\Projects\GameEngine\GameEngine\Debug\GameEngine.obj
C:\Users\Blake\documents\visual studio 2012\Projects\GameEngine\GameEngine\Debug\Graphics.obj
C:\Users\Blake\documents\visual studio 2012\Projects\GameEngine\GameEngine\Debug\InputManager.obj
C:\Users\Blake\documents\visual studio 2012\Projects\GameEngine\GameEngine\Debug\ParticleExplosion.obj
C:\Users\Blake\documents\visual studio 2012\Projects\GameEngine\GameEngine\Debug\ParticleShaderClass.obj
C:\Users\Blake\documents\visual studio 2012\Projects\GameEngine\GameEngine\Debug\ParticlesystemClass.obj
C:\Users\Blake\documents\visual studio 2012\Projects\GameEngine\GameEngine\Debug\stdafx.obj
C:\Users\Blake\documents\visual studio 2012\Projects\GameEngine\GameEngine\Debug\TextClass.obj
C:\Users\Blake\documents\visual studio 2012\Projects\GameEngine\GameEngine\Debug\TextureClass.obj
C:\Users\Blake\documents\visual studio 2012\Projects\GameEngine\GameEngine\Debug\TextureShaderClass.obj
C:\Users\Blake\documents\visual studio 2012\Projects\GameEngine\GameEngine\Debug\TimerClass.obj
C:\Users\Blake\documents\visual studio 2012\Projects\GameEngine\GameEngine\Debug\Weapon.obj
C:\Users\Blake\documents\visual studio 2012\Projects\GameEngine\GameEngine\Debug\WinMain.obj
C:\Users\Blake\documents\visual studio 2012\Projects\GameEngine\GameEngine\Debug\cl.command.1.tlog
C:\Users\Blake\documents\visual studio 2012\Projects\GameEngine\GameEngine\Debug\CL.read.1.tlog
C:\Users\Blake\documents\visual studio 2012\Projects\GameEngine\GameEngine\Debug\CL.write.1.tlog
C:\Users\Blake\documents\visual studio 2012\Projects\GameEngine\GameEngine\Debug\link-cvtres.read.1.tlog
C:\Users\Blake\documents\visual studio 2012\Projects\GameEngine\GameEngine\Debug\link-cvtres.write.1.tlog
C:\Users\Blake\documents\visual studio 2012\Projects\GameEngine\GameEngine\Debug\link-rc.read.1.tlog
C:\Users\Blake\documents\visual studio 2012\Projects\GameEngine\GameEngine\Debug\link-rc.write.1.tlog
C:\Users\Blake\documents\visual studio 2012\Projects\GameEngine\GameEngine\Debug\link.3336-cvtres.read.1.tlog
C:\Users\Blake\documents\visual studio 2012\Projects\GameEngine\GameEngine\Debug\link.3336-cvtres.write.1.tlog
C:\Users\Blake\documents\visual studio 2012\Projects\GameEngine\GameEngine\Debug\link.3336-rc.read.1.tlog
C:\Users\Blake\documents\visual studio 2012\Projects\GameEngine\GameEngine\Debug\link.3336-rc.write.1.tlog
C:\Users\Blake\documents\visual studio 2012\Projects\GameEngine\GameEngine\Debug\link.3336.read.1.tlog
C:\Users\Blake\documents\visual studio 2012\Projects\GameEngine\GameEngine\Debug\link.3336.write.1.tlog
C:\Users\Blake\documents\visual studio 2012\Projects\GameEngine\GameEngine\Debug\link.command.1.tlog
C:\Users\Blake\documents\visual studio 2012\Projects\GameEngine\GameEngine\Debug\link.read.1.tlog
C:\Users\Blake\documents\visual studio 2012\Projects\GameEngine\GameEngine\Debug\link.write.1.tlog
C:\Users\Blake\documents\visual studio 2012\Projects\GameEngine\GameEngine\Debug\rc.command.1.tlog
C:\Users\Blake\documents\visual studio 2012\Projects\GameEngine\GameEngine\Debug\rc.read.1.tlog
C:\Users\Blake\documents\visual studio 2012\Projects\GameEngine\GameEngine\Debug\rc.write.1.tlog
C:\Users\Blake\documents\visual studio 2012\Projects\GameEngine\GameEngine\Debug\GameEngine.res
C:\Users\Blake\documents\visual studio 2012\Projects\GameEngine\GameEngine\Debug\GameEngine.pch
C:\Users\Blake\documents\visual studio 2012\Projects\GameEngine\GameEngine\Debug\vc110.idb
C:\Users\Blake\documents\visual studio 2012\Projects\GameEngine\GameEngine\Debug\vc110.pdb
C:\Users\Blake\documents\visual studio 2012\Projects\GameEngine\Debug\GameEngine.pdb
C:\Users\Blake\documents\visual studio 2012\Projects\GameEngine\Debug\GameEngine.exe
C:\Users\Blake\documents\visual studio 2012\Projects\GameEngine\Debug\GameEngine.ilk
